2026-02-21 17:54:08 | INFO | [36m==============================================[0m
2026-02-21 17:54:08 | INFO | [36m        Glynn Cleaner — Data Cleaning Tool[0m
2026-02-21 17:54:08 | INFO | [36m                    Version 1.3[0m
2026-02-21 17:54:08 | INFO | [36m==============================================[0m
2026-02-21 17:54:08 | INFO | [36mMode: audit | Strictness: strict[0m
2026-02-21 17:54:08 | INFO | [36m----------------------------------------------[0m
2026-02-21 17:54:08 | INFO | [36m[1/10] Loading CSV: input/sample_dirty_data.csv[0m
2026-02-21 17:54:08 | INFO | [36mLoading CSV: input/sample_dirty_data.csv[0m
2026-02-21 17:54:08 | INFO | [36mLoaded CSV successfully with 6 rows[0m
2026-02-21 17:54:08 | DEBUG | [90mColumns detected: ['Name', ' Email Address', ' Date of Birth', ' Notes'][0m
2026-02-21 17:54:08 | INFO | [36mRows loaded: 6[0m
2026-02-21 17:54:08 | INFO | [36m[2/10] Normalising column names[0m
2026-02-21 17:54:08 | DEBUG | [90mNormalised columns: ['name', 'email_address', 'date_of_birth', 'notes'][0m
2026-02-21 17:54:08 | INFO | [36m[3/10] Trimming whitespace[0m
2026-02-21 17:54:08 | INFO | [36m[4/10] Applying name capitalisation[0m
2026-02-21 17:54:08 | INFO | [36m[5/10] Removing junk rows[0m
2026-02-21 17:54:08 | INFO | [36mJunk rows removed: 2[0m
2026-02-21 17:54:08 | INFO | [36m[6/10] Validating emails (strict=True)[0m
2026-02-21 17:54:08 | INFO | [36mInvalid emails detected: 2[0m
2026-02-21 17:54:08 | INFO | [36m[7/10] Parsing dates of birth[0m
2026-02-21 17:54:08 | INFO | [36mInvalid dates detected: 1[0m
2026-02-21 17:54:08 | INFO | [36m[8/10] Applying strict filtering rules[0m
2026-02-21 17:54:08 | INFO | [36mRows removed due to invalid emails: 2[0m
2026-02-21 17:54:08 | INFO | [36mRows removed due to invalid dates: 0[0m
2026-02-21 17:54:08 | INFO | [36m[9/10] Removing duplicate rows[0m
2026-02-21 17:54:08 | INFO | [36mDuplicates removed: 0[0m
2026-02-21 17:54:08 | INFO | [36mFinal row count: 2[0m
2026-02-21 17:54:08 | INFO | [36m[10/10] Saving cleaned CSV[0m
2026-02-21 17:54:08 | INFO | [36mSaving cleaned CSV to: output/cleaned_sample.csv[0m
2026-02-21 17:54:08 | INFO | [36mCleaned CSV saved successfully[0m
2026-02-21 17:54:08 | INFO | [36mSaving summary CSV to: output/cleaned_sample_summary.csv[0m
2026-02-21 17:54:08 | INFO | [36mSummary CSV saved successfully[0m
2026-02-21 17:54:08 | DEBUG | [90mSummary contents: {'timestamp': '2026-02-21 17:54:08', 'input_file': 'input/sample_dirty_data.csv', 'output_file': 'output/cleaned_sample.csv', 'mode': 'audit', 'strictness': 'strict', 'rows_loaded': 6, 'junk_rows_removed': 2, 'invalid_emails_removed': 2, 'invalid_dates_removed': 0, 'duplicates_removed': 0, 'final_row_count': 2}[0m
2026-02-21 17:54:08 | INFO | [36mSaving text report to: output/cleaned_sample_report.txt[0m
2026-02-21 17:54:08 | INFO | [36mText report saved successfully[0m
2026-02-21 17:54:08 | INFO | [36m==============================================[0m
2026-02-21 17:54:08 | INFO | [36m        Cleaning Completed Successfully (v1.3)[0m
2026-02-21 17:54:08 | INFO | [36m==============================================[0m
